<?xml version="1.0" encoding="UTF-8"?>
<!-- Generated by org.testng.reporters.JUnitReportReporter -->
<testsuite hostname="DESKTOP-65HJ227" failures="0" tests="1" name="inventoryModule.EditProducts_Test" time="15.297" errors="0" timestamp="2025-05-16T12:21:28 IST" skipped="0">
  <testcase classname="inventoryModule.EditProducts_Test" name="editProduct" time="15.297"/>
</testsuite> <!-- inventoryModule.EditProducts_Test -->
