<?xml version="1.0" encoding="UTF-8"?>
<!-- Generated by org.testng.reporters.JUnitReportReporter -->
<testsuite hostname="DESKTOP-DOI1F10" failures="0" tests="1" name="BillingCart.BillingCartTest" time="24.931" errors="0" timestamp="2025-04-29T17:04:43 IST" skipped="0">
  <testcase classname="BillingCart.BillingCartTest" name="billingCart" time="24.931"/>
  <system-out/>
</testsuite> <!-- BillingCart.BillingCartTest -->
