<?xml version="1.0" encoding="UTF-8"?>
<!-- Generated by org.testng.reporters.JUnitReportReporter -->
<testsuite hostname="DESKTOP-DOI1F10" failures="0" tests="1" name="EndToEndTest.E2ETest" time="59.186" errors="0" timestamp="2025-04-29T17:21:43 IST" skipped="0">
  <testcase classname="EndToEndTest.E2ETest" name="addCustomers" time="59.186"/>
  <system-out/>
</testsuite> <!-- EndToEndTest.E2ETest -->
