<?xml version="1.0" encoding="UTF-8"?>
<!-- Generated by org.testng.reporters.JUnitReportReporter -->
<testsuite hostname="DESKTOP-DOI1F10" failures="0" tests="1" name="Products.AddProductsTest" time="13.217" errors="0" timestamp="2025-04-30T11:19:14 IST" skipped="0">
  <testcase classname="Products.AddProductsTest" name="addProducts" time="13.217"/>
  <system-out/>
</testsuite> <!-- Products.AddProductsTest -->
